<?xml version="1.0" encoding="UTF-8"?>
<robot generator="Robot 4.0.3 (Python 3.9.5 on win32)" generated="20210616 13:50:21.116" rpa="false" schemaversion="2">
<suite id="s1" name="Variables" source="C:\Users\alexs\OneDrive\Documentos\PrimeExperts\prime_experts_jun2021\variables">
<suite id="s1-s1" name="Teste Variaveis" source="C:\Users\alexs\OneDrive\Documentos\PrimeExperts\prime_experts_jun2021\variables\teste_variaveis.robot">
<test id="s1-s1-t1" name="Meu teste de impressão de mensagem de terminal">
<kw name="Logar no meu terminal uma mensagem">
<kw name="Log To Console" library="BuiltIn">
<arg>${\n}</arg>
<doc>Logs the given message to the console.</doc>
<status status="PASS" starttime="20210616 13:50:21.157" endtime="20210616 13:50:21.158"/>
</kw>
<kw name="Log To Console" library="BuiltIn">
<arg>${MENSAGEM}</arg>
<doc>Logs the given message to the console.</doc>
<status status="PASS" starttime="20210616 13:50:21.159" endtime="20210616 13:50:21.159"/>
</kw>
<status status="PASS" starttime="20210616 13:50:21.156" endtime="20210616 13:50:21.160"/>
</kw>
<status status="PASS" starttime="20210616 13:50:21.154" endtime="20210616 13:50:21.160"/>
</test>
<doc>Meu teste de variáveis</doc>
<status status="PASS" starttime="20210616 13:50:21.140" endtime="20210616 13:50:21.164"/>
</suite>
<status status="PASS" starttime="20210616 13:50:21.119" endtime="20210616 13:50:21.167"/>
</suite>
<statistics>
<total>
<stat pass="1" fail="0" skip="0">All Tests</stat>
</total>
<tag>
</tag>
<suite>
<stat pass="1" fail="0" skip="0" id="s1" name="Variables">Variables</stat>
<stat pass="1" fail="0" skip="0" id="s1-s1" name="Teste Variaveis">Variables.Teste Variaveis</stat>
</suite>
</statistics>
<errors>
</errors>
</robot>
