<?xml version="1.0" encoding="UTF-8"?>
<robot generator="Robot 4.0.3 (Python 3.9.5 on win32)" generated="20210616 16:43:37.112" rpa="false" schemaversion="2">
<suite id="s1" name="For" source="C:\Users\alexs\OneDrive\Documentos\PrimeExperts\prime_experts_jun2021\for\for.robot">
<test id="s1-t1" name="Teste do FOR IN RANGE (para intervalos)">
<kw name="Imprimir de 0 a 8" sourcename="Imprimir de ${A} a ${B}">
<for flavor="IN RANGE">
<var>${numero}</var>
<value>${A}</value>
<value>${B}</value>
<iter>
<var name="${numero}">0</var>
<kw name="Log To Console" library="BuiltIn">
<arg>Estou no número: ${numero}!</arg>
<doc>Logs the given message to the console.</doc>
<status status="PASS" starttime="20210616 16:43:37.187" endtime="20210616 16:43:37.188"/>
</kw>
<kw name="Evaluate" library="BuiltIn">
<var>${RESULTADO}</var>
<arg>${numero}+10</arg>
<doc>Evaluates the given expression in Python and returns the result.</doc>
<msg timestamp="20210616 16:43:37.189" level="INFO">${RESULTADO} = 10</msg>
<status status="PASS" starttime="20210616 16:43:37.188" endtime="20210616 16:43:37.189"/>
</kw>
<kw name="Log To Console" library="BuiltIn">
<arg>Número+10 = ${RESULTADO}</arg>
<doc>Logs the given message to the console.</doc>
<status status="PASS" starttime="20210616 16:43:37.189" endtime="20210616 16:43:37.189"/>
</kw>
<status status="PASS" starttime="20210616 16:43:37.186" endtime="20210616 16:43:37.189"/>
</iter>
<iter>
<var name="${numero}">1</var>
<kw name="Log To Console" library="BuiltIn">
<arg>Estou no número: ${numero}!</arg>
<doc>Logs the given message to the console.</doc>
<status status="PASS" starttime="20210616 16:43:37.190" endtime="20210616 16:43:37.190"/>
</kw>
<kw name="Evaluate" library="BuiltIn">
<var>${RESULTADO}</var>
<arg>${numero}+10</arg>
<doc>Evaluates the given expression in Python and returns the result.</doc>
<msg timestamp="20210616 16:43:37.192" level="INFO">${RESULTADO} = 11</msg>
<status status="PASS" starttime="20210616 16:43:37.191" endtime="20210616 16:43:37.192"/>
</kw>
<kw name="Log To Console" library="BuiltIn">
<arg>Número+10 = ${RESULTADO}</arg>
<doc>Logs the given message to the console.</doc>
<status status="PASS" starttime="20210616 16:43:37.192" endtime="20210616 16:43:37.192"/>
</kw>
<status status="PASS" starttime="20210616 16:43:37.189" endtime="20210616 16:43:37.192"/>
</iter>
<iter>
<var name="${numero}">2</var>
<kw name="Log To Console" library="BuiltIn">
<arg>Estou no número: ${numero}!</arg>
<doc>Logs the given message to the console.</doc>
<status status="PASS" starttime="20210616 16:43:37.193" endtime="20210616 16:43:37.193"/>
</kw>
<kw name="Evaluate" library="BuiltIn">
<var>${RESULTADO}</var>
<arg>${numero}+10</arg>
<doc>Evaluates the given expression in Python and returns the result.</doc>
<msg timestamp="20210616 16:43:37.193" level="INFO">${RESULTADO} = 12</msg>
<status status="PASS" starttime="20210616 16:43:37.193" endtime="20210616 16:43:37.193"/>
</kw>
<kw name="Log To Console" library="BuiltIn">
<arg>Número+10 = ${RESULTADO}</arg>
<doc>Logs the given message to the console.</doc>
<status status="PASS" starttime="20210616 16:43:37.193" endtime="20210616 16:43:37.194"/>
</kw>
<status status="PASS" starttime="20210616 16:43:37.192" endtime="20210616 16:43:37.194"/>
</iter>
<iter>
<var name="${numero}">3</var>
<kw name="Log To Console" library="BuiltIn">
<arg>Estou no número: ${numero}!</arg>
<doc>Logs the given message to the console.</doc>
<status status="PASS" starttime="20210616 16:43:37.194" endtime="20210616 16:43:37.195"/>
</kw>
<kw name="Evaluate" library="BuiltIn">
<var>${RESULTADO}</var>
<arg>${numero}+10</arg>
<doc>Evaluates the given expression in Python and returns the result.</doc>
<msg timestamp="20210616 16:43:37.195" level="INFO">${RESULTADO} = 13</msg>
<status status="PASS" starttime="20210616 16:43:37.195" endtime="20210616 16:43:37.195"/>
</kw>
<kw name="Log To Console" library="BuiltIn">
<arg>Número+10 = ${RESULTADO}</arg>
<doc>Logs the given message to the console.</doc>
<status status="PASS" starttime="20210616 16:43:37.196" endtime="20210616 16:43:37.196"/>
</kw>
<status status="PASS" starttime="20210616 16:43:37.194" endtime="20210616 16:43:37.197"/>
</iter>
<iter>
<var name="${numero}">4</var>
<kw name="Log To Console" library="BuiltIn">
<arg>Estou no número: ${numero}!</arg>
<doc>Logs the given message to the console.</doc>
<status status="PASS" starttime="20210616 16:43:37.197" endtime="20210616 16:43:37.198"/>
</kw>
<kw name="Evaluate" library="BuiltIn">
<var>${RESULTADO}</var>
<arg>${numero}+10</arg>
<doc>Evaluates the given expression in Python and returns the result.</doc>
<msg timestamp="20210616 16:43:37.198" level="INFO">${RESULTADO} = 14</msg>
<status status="PASS" starttime="20210616 16:43:37.198" endtime="20210616 16:43:37.198"/>
</kw>
<kw name="Log To Console" library="BuiltIn">
<arg>Número+10 = ${RESULTADO}</arg>
<doc>Logs the given message to the console.</doc>
<status status="PASS" starttime="20210616 16:43:37.199" endtime="20210616 16:43:37.200"/>
</kw>
<status status="PASS" starttime="20210616 16:43:37.197" endtime="20210616 16:43:37.200"/>
</iter>
<iter>
<var name="${numero}">5</var>
<kw name="Log To Console" library="BuiltIn">
<arg>Estou no número: ${numero}!</arg>
<doc>Logs the given message to the console.</doc>
<status status="PASS" starttime="20210616 16:43:37.200" endtime="20210616 16:43:37.201"/>
</kw>
<kw name="Evaluate" library="BuiltIn">
<var>${RESULTADO}</var>
<arg>${numero}+10</arg>
<doc>Evaluates the given expression in Python and returns the result.</doc>
<msg timestamp="20210616 16:43:37.202" level="INFO">${RESULTADO} = 15</msg>
<status status="PASS" starttime="20210616 16:43:37.201" endtime="20210616 16:43:37.202"/>
</kw>
<kw name="Log To Console" library="BuiltIn">
<arg>Número+10 = ${RESULTADO}</arg>
<doc>Logs the given message to the console.</doc>
<status status="PASS" starttime="20210616 16:43:37.202" endtime="20210616 16:43:37.204"/>
</kw>
<status status="PASS" starttime="20210616 16:43:37.200" endtime="20210616 16:43:37.205"/>
</iter>
<iter>
<var name="${numero}">6</var>
<kw name="Log To Console" library="BuiltIn">
<arg>Estou no número: ${numero}!</arg>
<doc>Logs the given message to the console.</doc>
<status status="PASS" starttime="20210616 16:43:37.205" endtime="20210616 16:43:37.206"/>
</kw>
<kw name="Evaluate" library="BuiltIn">
<var>${RESULTADO}</var>
<arg>${numero}+10</arg>
<doc>Evaluates the given expression in Python and returns the result.</doc>
<msg timestamp="20210616 16:43:37.207" level="INFO">${RESULTADO} = 16</msg>
<status status="PASS" starttime="20210616 16:43:37.206" endtime="20210616 16:43:37.207"/>
</kw>
<kw name="Log To Console" library="BuiltIn">
<arg>Número+10 = ${RESULTADO}</arg>
<doc>Logs the given message to the console.</doc>
<status status="PASS" starttime="20210616 16:43:37.207" endtime="20210616 16:43:37.208"/>
</kw>
<status status="PASS" starttime="20210616 16:43:37.205" endtime="20210616 16:43:37.208"/>
</iter>
<iter>
<var name="${numero}">7</var>
<kw name="Log To Console" library="BuiltIn">
<arg>Estou no número: ${numero}!</arg>
<doc>Logs the given message to the console.</doc>
<status status="PASS" starttime="20210616 16:43:37.209" endtime="20210616 16:43:37.209"/>
</kw>
<kw name="Evaluate" library="BuiltIn">
<var>${RESULTADO}</var>
<arg>${numero}+10</arg>
<doc>Evaluates the given expression in Python and returns the result.</doc>
<msg timestamp="20210616 16:43:37.210" level="INFO">${RESULTADO} = 17</msg>
<status status="PASS" starttime="20210616 16:43:37.210" endtime="20210616 16:43:37.210"/>
</kw>
<kw name="Log To Console" library="BuiltIn">
<arg>Número+10 = ${RESULTADO}</arg>
<doc>Logs the given message to the console.</doc>
<status status="PASS" starttime="20210616 16:43:37.210" endtime="20210616 16:43:37.212"/>
</kw>
<status status="PASS" starttime="20210616 16:43:37.208" endtime="20210616 16:43:37.212"/>
</iter>
<status status="PASS" starttime="20210616 16:43:37.186" endtime="20210616 16:43:37.214"/>
</for>
<status status="PASS" starttime="20210616 16:43:37.184" endtime="20210616 16:43:37.214"/>
</kw>
<kw name="Imprimir de 10 a 20" sourcename="Imprimir de ${A} a ${B}">
<for flavor="IN RANGE">
<var>${numero}</var>
<value>${A}</value>
<value>${B}</value>
<iter>
<var name="${numero}">10</var>
<kw name="Log To Console" library="BuiltIn">
<arg>Estou no número: ${numero}!</arg>
<doc>Logs the given message to the console.</doc>
<status status="PASS" starttime="20210616 16:43:37.217" endtime="20210616 16:43:37.218"/>
</kw>
<kw name="Evaluate" library="BuiltIn">
<var>${RESULTADO}</var>
<arg>${numero}+10</arg>
<doc>Evaluates the given expression in Python and returns the result.</doc>
<msg timestamp="20210616 16:43:37.220" level="INFO">${RESULTADO} = 20</msg>
<status status="PASS" starttime="20210616 16:43:37.220" endtime="20210616 16:43:37.220"/>
</kw>
<kw name="Log To Console" library="BuiltIn">
<arg>Número+10 = ${RESULTADO}</arg>
<doc>Logs the given message to the console.</doc>
<status status="PASS" starttime="20210616 16:43:37.221" endtime="20210616 16:43:37.221"/>
</kw>
<status status="PASS" starttime="20210616 16:43:37.216" endtime="20210616 16:43:37.222"/>
</iter>
<iter>
<var name="${numero}">11</var>
<kw name="Log To Console" library="BuiltIn">
<arg>Estou no número: ${numero}!</arg>
<doc>Logs the given message to the console.</doc>
<status status="PASS" starttime="20210616 16:43:37.222" endtime="20210616 16:43:37.223"/>
</kw>
<kw name="Evaluate" library="BuiltIn">
<var>${RESULTADO}</var>
<arg>${numero}+10</arg>
<doc>Evaluates the given expression in Python and returns the result.</doc>
<msg timestamp="20210616 16:43:37.224" level="INFO">${RESULTADO} = 21</msg>
<status status="PASS" starttime="20210616 16:43:37.223" endtime="20210616 16:43:37.224"/>
</kw>
<kw name="Log To Console" library="BuiltIn">
<arg>Número+10 = ${RESULTADO}</arg>
<doc>Logs the given message to the console.</doc>
<status status="PASS" starttime="20210616 16:43:37.224" endtime="20210616 16:43:37.225"/>
</kw>
<status status="PASS" starttime="20210616 16:43:37.222" endtime="20210616 16:43:37.226"/>
</iter>
<iter>
<var name="${numero}">12</var>
<kw name="Log To Console" library="BuiltIn">
<arg>Estou no número: ${numero}!</arg>
<doc>Logs the given message to the console.</doc>
<status status="PASS" starttime="20210616 16:43:37.226" endtime="20210616 16:43:37.228"/>
</kw>
<kw name="Evaluate" library="BuiltIn">
<var>${RESULTADO}</var>
<arg>${numero}+10</arg>
<doc>Evaluates the given expression in Python and returns the result.</doc>
<msg timestamp="20210616 16:43:37.228" level="INFO">${RESULTADO} = 22</msg>
<status status="PASS" starttime="20210616 16:43:37.228" endtime="20210616 16:43:37.229"/>
</kw>
<kw name="Log To Console" library="BuiltIn">
<arg>Número+10 = ${RESULTADO}</arg>
<doc>Logs the given message to the console.</doc>
<status status="PASS" starttime="20210616 16:43:37.229" endtime="20210616 16:43:37.229"/>
</kw>
<status status="PASS" starttime="20210616 16:43:37.226" endtime="20210616 16:43:37.229"/>
</iter>
<iter>
<var name="${numero}">13</var>
<kw name="Log To Console" library="BuiltIn">
<arg>Estou no número: ${numero}!</arg>
<doc>Logs the given message to the console.</doc>
<status status="PASS" starttime="20210616 16:43:37.230" endtime="20210616 16:43:37.230"/>
</kw>
<kw name="Evaluate" library="BuiltIn">
<var>${RESULTADO}</var>
<arg>${numero}+10</arg>
<doc>Evaluates the given expression in Python and returns the result.</doc>
<msg timestamp="20210616 16:43:37.231" level="INFO">${RESULTADO} = 23</msg>
<status status="PASS" starttime="20210616 16:43:37.231" endtime="20210616 16:43:37.231"/>
</kw>
<kw name="Log To Console" library="BuiltIn">
<arg>Número+10 = ${RESULTADO}</arg>
<doc>Logs the given message to the console.</doc>
<status status="PASS" starttime="20210616 16:43:37.231" endtime="20210616 16:43:37.232"/>
</kw>
<status status="PASS" starttime="20210616 16:43:37.230" endtime="20210616 16:43:37.232"/>
</iter>
<iter>
<var name="${numero}">14</var>
<kw name="Log To Console" library="BuiltIn">
<arg>Estou no número: ${numero}!</arg>
<doc>Logs the given message to the console.</doc>
<status status="PASS" starttime="20210616 16:43:37.233" endtime="20210616 16:43:37.233"/>
</kw>
<kw name="Evaluate" library="BuiltIn">
<var>${RESULTADO}</var>
<arg>${numero}+10</arg>
<doc>Evaluates the given expression in Python and returns the result.</doc>
<msg timestamp="20210616 16:43:37.234" level="INFO">${RESULTADO} = 24</msg>
<status status="PASS" starttime="20210616 16:43:37.233" endtime="20210616 16:43:37.234"/>
</kw>
<kw name="Log To Console" library="BuiltIn">
<arg>Número+10 = ${RESULTADO}</arg>
<doc>Logs the given message to the console.</doc>
<status status="PASS" starttime="20210616 16:43:37.234" endtime="20210616 16:43:37.236"/>
</kw>
<status status="PASS" starttime="20210616 16:43:37.232" endtime="20210616 16:43:37.236"/>
</iter>
<iter>
<var name="${numero}">15</var>
<kw name="Log To Console" library="BuiltIn">
<arg>Estou no número: ${numero}!</arg>
<doc>Logs the given message to the console.</doc>
<status status="PASS" starttime="20210616 16:43:37.237" endtime="20210616 16:43:37.238"/>
</kw>
<kw name="Evaluate" library="BuiltIn">
<var>${RESULTADO}</var>
<arg>${numero}+10</arg>
<doc>Evaluates the given expression in Python and returns the result.</doc>
<msg timestamp="20210616 16:43:37.239" level="INFO">${RESULTADO} = 25</msg>
<status status="PASS" starttime="20210616 16:43:37.238" endtime="20210616 16:43:37.239"/>
</kw>
<kw name="Log To Console" library="BuiltIn">
<arg>Número+10 = ${RESULTADO}</arg>
<doc>Logs the given message to the console.</doc>
<status status="PASS" starttime="20210616 16:43:37.239" endtime="20210616 16:43:37.240"/>
</kw>
<status status="PASS" starttime="20210616 16:43:37.237" endtime="20210616 16:43:37.240"/>
</iter>
<iter>
<var name="${numero}">16</var>
<kw name="Log To Console" library="BuiltIn">
<arg>Estou no número: ${numero}!</arg>
<doc>Logs the given message to the console.</doc>
<status status="PASS" starttime="20210616 16:43:37.240" endtime="20210616 16:43:37.241"/>
</kw>
<kw name="Evaluate" library="BuiltIn">
<var>${RESULTADO}</var>
<arg>${numero}+10</arg>
<doc>Evaluates the given expression in Python and returns the result.</doc>
<msg timestamp="20210616 16:43:37.243" level="INFO">${RESULTADO} = 26</msg>
<status status="PASS" starttime="20210616 16:43:37.242" endtime="20210616 16:43:37.243"/>
</kw>
<kw name="Log To Console" library="BuiltIn">
<arg>Número+10 = ${RESULTADO}</arg>
<doc>Logs the given message to the console.</doc>
<status status="PASS" starttime="20210616 16:43:37.243" endtime="20210616 16:43:37.244"/>
</kw>
<status status="PASS" starttime="20210616 16:43:37.240" endtime="20210616 16:43:37.245"/>
</iter>
<iter>
<var name="${numero}">17</var>
<kw name="Log To Console" library="BuiltIn">
<arg>Estou no número: ${numero}!</arg>
<doc>Logs the given message to the console.</doc>
<status status="PASS" starttime="20210616 16:43:37.245" endtime="20210616 16:43:37.246"/>
</kw>
<kw name="Evaluate" library="BuiltIn">
<var>${RESULTADO}</var>
<arg>${numero}+10</arg>
<doc>Evaluates the given expression in Python and returns the result.</doc>
<msg timestamp="20210616 16:43:37.247" level="INFO">${RESULTADO} = 27</msg>
<status status="PASS" starttime="20210616 16:43:37.246" endtime="20210616 16:43:37.247"/>
</kw>
<kw name="Log To Console" library="BuiltIn">
<arg>Número+10 = ${RESULTADO}</arg>
<doc>Logs the given message to the console.</doc>
<status status="PASS" starttime="20210616 16:43:37.247" endtime="20210616 16:43:37.247"/>
</kw>
<status status="PASS" starttime="20210616 16:43:37.245" endtime="20210616 16:43:37.247"/>
</iter>
<iter>
<var name="${numero}">18</var>
<kw name="Log To Console" library="BuiltIn">
<arg>Estou no número: ${numero}!</arg>
<doc>Logs the given message to the console.</doc>
<status status="PASS" starttime="20210616 16:43:37.247" endtime="20210616 16:43:37.248"/>
</kw>
<kw name="Evaluate" library="BuiltIn">
<var>${RESULTADO}</var>
<arg>${numero}+10</arg>
<doc>Evaluates the given expression in Python and returns the result.</doc>
<msg timestamp="20210616 16:43:37.249" level="INFO">${RESULTADO} = 28</msg>
<status status="PASS" starttime="20210616 16:43:37.248" endtime="20210616 16:43:37.249"/>
</kw>
<kw name="Log To Console" library="BuiltIn">
<arg>Número+10 = ${RESULTADO}</arg>
<doc>Logs the given message to the console.</doc>
<status status="PASS" starttime="20210616 16:43:37.249" endtime="20210616 16:43:37.249"/>
</kw>
<status status="PASS" starttime="20210616 16:43:37.247" endtime="20210616 16:43:37.250"/>
</iter>
<iter>
<var name="${numero}">19</var>
<kw name="Log To Console" library="BuiltIn">
<arg>Estou no número: ${numero}!</arg>
<doc>Logs the given message to the console.</doc>
<status status="PASS" starttime="20210616 16:43:37.250" endtime="20210616 16:43:37.251"/>
</kw>
<kw name="Evaluate" library="BuiltIn">
<var>${RESULTADO}</var>
<arg>${numero}+10</arg>
<doc>Evaluates the given expression in Python and returns the result.</doc>
<msg timestamp="20210616 16:43:37.253" level="INFO">${RESULTADO} = 29</msg>
<status status="PASS" starttime="20210616 16:43:37.252" endtime="20210616 16:43:37.253"/>
</kw>
<kw name="Log To Console" library="BuiltIn">
<arg>Número+10 = ${RESULTADO}</arg>
<doc>Logs the given message to the console.</doc>
<status status="PASS" starttime="20210616 16:43:37.253" endtime="20210616 16:43:37.254"/>
</kw>
<status status="PASS" starttime="20210616 16:43:37.250" endtime="20210616 16:43:37.254"/>
</iter>
<status status="PASS" starttime="20210616 16:43:37.216" endtime="20210616 16:43:37.254"/>
</for>
<status status="PASS" starttime="20210616 16:43:37.215" endtime="20210616 16:43:37.254"/>
</kw>
<status status="PASS" starttime="20210616 16:43:37.182" endtime="20210616 16:43:37.255"/>
</test>
<test id="s1-t2" name="Teste do FOR IN (para percorrer listas)">
<kw name="Imprimir uma lista">
<for flavor="IN">
<var>${fruta}</var>
<value>@{FRUTAS}</value>
<iter>
<var name="${fruta}">maça</var>
<kw name="Log To Console" library="BuiltIn">
<arg>A fruta da vez é: ${fruta}</arg>
<doc>Logs the given message to the console.</doc>
<status status="PASS" starttime="20210616 16:43:37.260" endtime="20210616 16:43:37.261"/>
</kw>
<status status="PASS" starttime="20210616 16:43:37.260" endtime="20210616 16:43:37.261"/>
</iter>
<iter>
<var name="${fruta}">banana</var>
<kw name="Log To Console" library="BuiltIn">
<arg>A fruta da vez é: ${fruta}</arg>
<doc>Logs the given message to the console.</doc>
<status status="PASS" starttime="20210616 16:43:37.262" endtime="20210616 16:43:37.263"/>
</kw>
<status status="PASS" starttime="20210616 16:43:37.261" endtime="20210616 16:43:37.263"/>
</iter>
<iter>
<var name="${fruta}">uva</var>
<kw name="Log To Console" library="BuiltIn">
<arg>A fruta da vez é: ${fruta}</arg>
<doc>Logs the given message to the console.</doc>
<status status="PASS" starttime="20210616 16:43:37.264" endtime="20210616 16:43:37.264"/>
</kw>
<status status="PASS" starttime="20210616 16:43:37.263" endtime="20210616 16:43:37.264"/>
</iter>
<iter>
<var name="${fruta}">abacaxi</var>
<kw name="Log To Console" library="BuiltIn">
<arg>A fruta da vez é: ${fruta}</arg>
<doc>Logs the given message to the console.</doc>
<status status="PASS" starttime="20210616 16:43:37.265" endtime="20210616 16:43:37.266"/>
</kw>
<status status="PASS" starttime="20210616 16:43:37.265" endtime="20210616 16:43:37.266"/>
</iter>
<iter>
<var name="${fruta}">mamão</var>
<kw name="Log To Console" library="BuiltIn">
<arg>A fruta da vez é: ${fruta}</arg>
<doc>Logs the given message to the console.</doc>
<status status="PASS" starttime="20210616 16:43:37.267" endtime="20210616 16:43:37.269"/>
</kw>
<status status="PASS" starttime="20210616 16:43:37.266" endtime="20210616 16:43:37.269"/>
</iter>
<iter>
<var name="${fruta}">laranja</var>
<kw name="Log To Console" library="BuiltIn">
<arg>A fruta da vez é: ${fruta}</arg>
<doc>Logs the given message to the console.</doc>
<status status="PASS" starttime="20210616 16:43:37.269" endtime="20210616 16:43:37.270"/>
</kw>
<status status="PASS" starttime="20210616 16:43:37.269" endtime="20210616 16:43:37.271"/>
</iter>
<iter>
<var name="${fruta}">morango</var>
<kw name="Log To Console" library="BuiltIn">
<arg>A fruta da vez é: ${fruta}</arg>
<doc>Logs the given message to the console.</doc>
<status status="PASS" starttime="20210616 16:43:37.272" endtime="20210616 16:43:37.273"/>
</kw>
<status status="PASS" starttime="20210616 16:43:37.271" endtime="20210616 16:43:37.273"/>
</iter>
<status status="PASS" starttime="20210616 16:43:37.260" endtime="20210616 16:43:37.273"/>
</for>
<status status="PASS" starttime="20210616 16:43:37.258" endtime="20210616 16:43:37.274"/>
</kw>
<status status="PASS" starttime="20210616 16:43:37.256" endtime="20210616 16:43:37.274"/>
</test>
<doc>Testes de loops (FOR)</doc>
<status status="PASS" starttime="20210616 16:43:37.112" endtime="20210616 16:43:37.276"/>
</suite>
<statistics>
<total>
<stat pass="2" fail="0" skip="0">All Tests</stat>
</total>
<tag>
</tag>
<suite>
<stat pass="2" fail="0" skip="0" id="s1" name="For">For</stat>
</suite>
</statistics>
<errors>
</errors>
</robot>
