<?xml version="1.0" encoding="UTF-8"?>
<robot generator="Robot 4.0.3 (Python 3.9.5 on win32)" generated="20210616 16:13:40.594" rpa="false" schemaversion="2">
<suite id="s1" name="Setup Teardown" source="C:\Users\alexs\OneDrive\Documentos\PrimeExperts\prime_experts_jun2021\setup_teardown\setup_teardown.robot">
<kw name="KW para executar no Setup da Suite" type="SETUP">
<kw name="Log To Console" library="BuiltIn">
<arg>Essa Kw foi executada antes de começar a Suíte!</arg>
<doc>Logs the given message to the console.</doc>
<status status="PASS" starttime="20210616 16:13:40.643" endtime="20210616 16:13:40.644"/>
</kw>
<status status="PASS" starttime="20210616 16:13:40.642" endtime="20210616 16:13:40.645"/>
</kw>
<test id="s1-t1" name="Teste de somar dois números">
<kw name="KW para executar no Setup de cada Teste" type="SETUP">
<kw name="Log To Console" library="BuiltIn">
<arg>Essa Kw foi executada antes de começar esse Teste!</arg>
<doc>Logs the given message to the console.</doc>
<status status="PASS" starttime="20210616 16:13:40.646" endtime="20210616 16:13:40.647"/>
</kw>
<status status="PASS" starttime="20210616 16:13:40.645" endtime="20210616 16:13:40.648"/>
</kw>
<kw name="Somar dois números">
<var>${RESULTADO_SOMA}</var>
<arg>1</arg>
<arg>2</arg>
<kw name="Log To Console" library="BuiltIn">
<arg>${\n}Estou somando os números: ${NUM_A}+${NUM_B}</arg>
<doc>Logs the given message to the console.</doc>
<status status="PASS" starttime="20210616 16:13:40.649" endtime="20210616 16:13:40.651"/>
</kw>
<kw name="Evaluate" library="BuiltIn">
<var>${RESULTADO}</var>
<arg>${NUM_A}+${NUM_B}</arg>
<doc>Evaluates the given expression in Python and returns the result.</doc>
<msg timestamp="20210616 16:13:40.653" level="INFO">${RESULTADO} = 3</msg>
<status status="PASS" starttime="20210616 16:13:40.651" endtime="20210616 16:13:40.653"/>
</kw>
<kw name="Log To Console" library="BuiltIn">
<arg>O resultado é: ${RESULTADO}</arg>
<doc>Logs the given message to the console.</doc>
<status status="PASS" starttime="20210616 16:13:40.653" endtime="20210616 16:13:40.654"/>
</kw>
<msg timestamp="20210616 16:13:40.654" level="INFO">${RESULTADO_SOMA} = 3</msg>
<status status="PASS" starttime="20210616 16:13:40.648" endtime="20210616 16:13:40.654"/>
</kw>
<kw name="Log To Console" library="BuiltIn">
<arg>O resultado da soma é: ${RESULTADO_SOMA}</arg>
<doc>Logs the given message to the console.</doc>
<status status="PASS" starttime="20210616 16:13:40.655" endtime="20210616 16:13:40.655"/>
</kw>
<kw name="Somar dois números">
<var>${RESULTADO_SOMA}</var>
<arg>3</arg>
<arg>4</arg>
<kw name="Log To Console" library="BuiltIn">
<arg>${\n}Estou somando os números: ${NUM_A}+${NUM_B}</arg>
<doc>Logs the given message to the console.</doc>
<status status="PASS" starttime="20210616 16:13:40.656" endtime="20210616 16:13:40.657"/>
</kw>
<kw name="Evaluate" library="BuiltIn">
<var>${RESULTADO}</var>
<arg>${NUM_A}+${NUM_B}</arg>
<doc>Evaluates the given expression in Python and returns the result.</doc>
<msg timestamp="20210616 16:13:40.658" level="INFO">${RESULTADO} = 7</msg>
<status status="PASS" starttime="20210616 16:13:40.657" endtime="20210616 16:13:40.658"/>
</kw>
<kw name="Log To Console" library="BuiltIn">
<arg>O resultado é: ${RESULTADO}</arg>
<doc>Logs the given message to the console.</doc>
<status status="PASS" starttime="20210616 16:13:40.659" endtime="20210616 16:13:40.661"/>
</kw>
<msg timestamp="20210616 16:13:40.662" level="INFO">${RESULTADO_SOMA} = 7</msg>
<status status="PASS" starttime="20210616 16:13:40.656" endtime="20210616 16:13:40.662"/>
</kw>
<kw name="Log To Console" library="BuiltIn">
<arg>O resultado da soma é: ${RESULTADO_SOMA}</arg>
<doc>Logs the given message to the console.</doc>
<status status="PASS" starttime="20210616 16:13:40.662" endtime="20210616 16:13:40.664"/>
</kw>
<kw name="KW para executar no Teardown de cada Teste" type="TEARDOWN">
<kw name="Log To Console" library="BuiltIn">
<arg>Essa Kw foi executada ao final desse Teste!</arg>
<doc>Logs the given message to the console.</doc>
<status status="PASS" starttime="20210616 16:13:40.665" endtime="20210616 16:13:40.666"/>
</kw>
<status status="PASS" starttime="20210616 16:13:40.664" endtime="20210616 16:13:40.666"/>
</kw>
<status status="PASS" starttime="20210616 16:13:40.645" endtime="20210616 16:13:40.666"/>
</test>
<test id="s1-t2" name="Teste de somar dois números embutidos">
<kw name="KW para executar no Setup de cada Teste" type="SETUP">
<kw name="Log To Console" library="BuiltIn">
<arg>Essa Kw foi executada antes de começar esse Teste!</arg>
<doc>Logs the given message to the console.</doc>
<status status="PASS" starttime="20210616 16:13:40.669" endtime="20210616 16:13:40.669"/>
</kw>
<status status="PASS" starttime="20210616 16:13:40.668" endtime="20210616 16:13:40.670"/>
</kw>
<kw name="Somar os números &quot;3&quot; e &quot;6&quot;" sourcename="Somar os números &quot;${NUM_A}&quot; e &quot;${NUM_B}&quot;">
<var>${RESULTADO_SOMA}</var>
<kw name="Log To Console" library="BuiltIn">
<arg>${\n}Estou somando os números embutidos: ${NUM_A}+${NUM_B}</arg>
<doc>Logs the given message to the console.</doc>
<status status="PASS" starttime="20210616 16:13:40.671" endtime="20210616 16:13:40.673"/>
</kw>
<kw name="Evaluate" library="BuiltIn">
<var>${RESULTADO}</var>
<arg>${NUM_A}+${NUM_B}</arg>
<doc>Evaluates the given expression in Python and returns the result.</doc>
<msg timestamp="20210616 16:13:40.674" level="INFO">${RESULTADO} = 9</msg>
<status status="PASS" starttime="20210616 16:13:40.674" endtime="20210616 16:13:40.674"/>
</kw>
<msg timestamp="20210616 16:13:40.675" level="INFO">${RESULTADO_SOMA} = 9</msg>
<status status="PASS" starttime="20210616 16:13:40.670" endtime="20210616 16:13:40.675"/>
</kw>
<kw name="Log To Console" library="BuiltIn">
<arg>O resultado da soma embutida é: ${RESULTADO_SOMA}</arg>
<doc>Logs the given message to the console.</doc>
<status status="PASS" starttime="20210616 16:13:40.675" endtime="20210616 16:13:40.677"/>
</kw>
<kw name="Somar os números &quot;55&quot; e &quot;45&quot;" sourcename="Somar os números &quot;${NUM_A}&quot; e &quot;${NUM_B}&quot;">
<var>${RESULTADO_SOMA}</var>
<kw name="Log To Console" library="BuiltIn">
<arg>${\n}Estou somando os números embutidos: ${NUM_A}+${NUM_B}</arg>
<doc>Logs the given message to the console.</doc>
<status status="PASS" starttime="20210616 16:13:40.685" endtime="20210616 16:13:40.687"/>
</kw>
<kw name="Evaluate" library="BuiltIn">
<var>${RESULTADO}</var>
<arg>${NUM_A}+${NUM_B}</arg>
<doc>Evaluates the given expression in Python and returns the result.</doc>
<msg timestamp="20210616 16:13:40.688" level="INFO">${RESULTADO} = 100</msg>
<status status="PASS" starttime="20210616 16:13:40.688" endtime="20210616 16:13:40.688"/>
</kw>
<msg timestamp="20210616 16:13:40.689" level="INFO">${RESULTADO_SOMA} = 100</msg>
<status status="PASS" starttime="20210616 16:13:40.684" endtime="20210616 16:13:40.689"/>
</kw>
<kw name="Log To Console" library="BuiltIn">
<arg>O resultado da soma embutida é: ${RESULTADO_SOMA}</arg>
<doc>Logs the given message to the console.</doc>
<status status="PASS" starttime="20210616 16:13:40.690" endtime="20210616 16:13:40.691"/>
</kw>
<kw name="KW para executar no Teardown de cada Teste" type="TEARDOWN">
<kw name="Log To Console" library="BuiltIn">
<arg>Essa Kw foi executada ao final desse Teste!</arg>
<doc>Logs the given message to the console.</doc>
<status status="PASS" starttime="20210616 16:13:40.693" endtime="20210616 16:13:40.694"/>
</kw>
<status status="PASS" starttime="20210616 16:13:40.692" endtime="20210616 16:13:40.695"/>
</kw>
<status status="PASS" starttime="20210616 16:13:40.668" endtime="20210616 16:13:40.695"/>
</test>
<kw name="KW para executar no Teardown da Suíte" type="TEARDOWN">
<kw name="Log To Console" library="BuiltIn">
<arg>Essa Kw foi executada ao final da Suíte!</arg>
<doc>Logs the given message to the console.</doc>
<status status="PASS" starttime="20210616 16:13:40.698" endtime="20210616 16:13:40.700"/>
</kw>
<status status="PASS" starttime="20210616 16:13:40.698" endtime="20210616 16:13:40.701"/>
</kw>
<doc>Testes para criar KWs que recebem argumentos e retornam um resultado</doc>
<status status="PASS" starttime="20210616 16:13:40.610" endtime="20210616 16:13:40.701"/>
</suite>
<statistics>
<total>
<stat pass="2" fail="0" skip="0">All Tests</stat>
</total>
<tag>
</tag>
<suite>
<stat pass="2" fail="0" skip="0" id="s1" name="Setup Teardown">Setup Teardown</stat>
</suite>
</statistics>
<errors>
</errors>
</robot>
