<?xml version="1.0" encoding="UTF-8"?>
<robot generator="Robot 4.0.3 (Python 3.9.5 on win32)" generated="20210616 15:58:16.249" rpa="false" schemaversion="2">
<suite id="s1" name="Exercicio Variaveis" source="C:\Users\alexs\OneDrive\Documentos\PrimeExperts\prime_experts_jun2021\variables\exercicio_variaveis.robot">
<test id="s1-t1" name="Teste que imprime os dados da PESSOA">
<kw name="Imprimir no console os dados da PESSOA">
<kw name="Log To Console" library="BuiltIn">
<arg>${\n}</arg>
<doc>Logs the given message to the console.</doc>
<status status="PASS" starttime="20210616 15:58:16.296" endtime="20210616 15:58:16.297"/>
</kw>
<kw name="Log To Console" library="BuiltIn">
<arg>Nome: ${PESSOA.nome}</arg>
<doc>Logs the given message to the console.</doc>
<status status="PASS" starttime="20210616 15:58:16.297" endtime="20210616 15:58:16.297"/>
</kw>
<kw name="Log To Console" library="BuiltIn">
<arg>Sobrenome: ${PESSOA.sobrenome}</arg>
<doc>Logs the given message to the console.</doc>
<status status="PASS" starttime="20210616 15:58:16.298" endtime="20210616 15:58:16.299"/>
</kw>
<kw name="Log To Console" library="BuiltIn">
<arg>Idade: ${PESSOA.idade}</arg>
<doc>Logs the given message to the console.</doc>
<status status="PASS" starttime="20210616 15:58:16.300" endtime="20210616 15:58:16.301"/>
</kw>
<kw name="Log To Console" library="BuiltIn">
<arg>Sexo: ${PESSOA.sexo}</arg>
<doc>Logs the given message to the console.</doc>
<status status="PASS" starttime="20210616 15:58:16.301" endtime="20210616 15:58:16.303"/>
</kw>
<kw name="Log To Console" library="BuiltIn">
<arg>Profissão: ${PESSOA.profissao}</arg>
<doc>Logs the given message to the console.</doc>
<status status="PASS" starttime="20210616 15:58:16.304" endtime="20210616 15:58:16.305"/>
</kw>
<kw name="Log To Console" library="BuiltIn">
<arg>Mãe: ${PESSOA.mãe}</arg>
<doc>Logs the given message to the console.</doc>
<status status="PASS" starttime="20210616 15:58:16.305" endtime="20210616 15:58:16.307"/>
</kw>
<status status="PASS" starttime="20210616 15:58:16.295" endtime="20210616 15:58:16.307"/>
</kw>
<status status="PASS" starttime="20210616 15:58:16.289" endtime="20210616 15:58:16.307"/>
</test>
<test id="s1-t2" name="Teste que imprime todas as 5 frutas">
<kw name="Imprimir no console as frutas">
<kw name="Log To Console" library="BuiltIn">
<arg>${\n}</arg>
<doc>Logs the given message to the console.</doc>
<status status="PASS" starttime="20210616 15:58:16.312" endtime="20210616 15:58:16.313"/>
</kw>
<kw name="Log To Console" library="BuiltIn">
<arg>Fruta 0: ${FRUTAS}[0]</arg>
<doc>Logs the given message to the console.</doc>
<status status="PASS" starttime="20210616 15:58:16.313" endtime="20210616 15:58:16.314"/>
</kw>
<kw name="Log To Console" library="BuiltIn">
<arg>Fruta 1: ${FRUTAS}[1]</arg>
<doc>Logs the given message to the console.</doc>
<status status="PASS" starttime="20210616 15:58:16.314" endtime="20210616 15:58:16.316"/>
</kw>
<kw name="Log To Console" library="BuiltIn">
<arg>Fruta 2: ${FRUTAS}[2]</arg>
<doc>Logs the given message to the console.</doc>
<status status="PASS" starttime="20210616 15:58:16.316" endtime="20210616 15:58:16.317"/>
</kw>
<kw name="Log To Console" library="BuiltIn">
<arg>Fruta 3: ${FRUTAS}[3]</arg>
<doc>Logs the given message to the console.</doc>
<status status="PASS" starttime="20210616 15:58:16.317" endtime="20210616 15:58:16.320"/>
</kw>
<kw name="Log To Console" library="BuiltIn">
<arg>Fruta 4: ${FRUTAS}[4]</arg>
<doc>Logs the given message to the console.</doc>
<status status="PASS" starttime="20210616 15:58:16.320" endtime="20210616 15:58:16.321"/>
</kw>
<status status="PASS" starttime="20210616 15:58:16.311" endtime="20210616 15:58:16.322"/>
</kw>
<status status="PASS" starttime="20210616 15:58:16.310" endtime="20210616 15:58:16.323"/>
</test>
<doc>Teste do Exercício de Variáveis</doc>
<status status="PASS" starttime="20210616 15:58:16.259" endtime="20210616 15:58:16.325"/>
</suite>
<statistics>
<total>
<stat pass="2" fail="0" skip="0">All Tests</stat>
</total>
<tag>
</tag>
<suite>
<stat pass="2" fail="0" skip="0" id="s1" name="Exercicio Variaveis">Exercicio Variaveis</stat>
</suite>
</statistics>
<errors>
</errors>
</robot>
